1594111137238:help
1594111141225:say-hi
1594111162599:say-hi "\na\n;\n"
1594111175144:say -hi: "ello"
1594111187576:say-hi "hello"
1594111474532:say-hi hello
1594111482308:say-hi whatthefuck
1594111594486:echo1
1594111702747:echo1 1 2 3
1594111712786:echo1 1 3 --b 2
1594111955964:echo2 1 2 3
1594111963440:echo2 1 3 --b 2
1594111970522:echo2 1 3 --boy 2
1594111983257:default
1594112021671:default 123
1594112279203:echo3
1594112288846:echo3 1 2 3
1594112486273:string size q
1594112495687:string size 123
1594112506667:string size qwe1r
1594112536903:string size
1594112544926:stringsize
1594112552975:echo1
1594112557305:echo2
1594112559082:echo3
1594112591158:string size
1594112609154:string size 1234
1594112614930:string size123
1594112618197:stringsize
1594112622120:stringSize
1594112625600:String size
1594112638601:sayhi
1594112642647:say hi
1594112650200:Say hi
1594112656340:Say hi --
1594112680175:string-size
1594112684626:string-size 12
1594112689591:string-size 123456
1594112696179:number-range 9
1594112700626:number-range 123
1594112709472:number-range 19
1594113124208:result-handler
1594113428922:echo1 1 2 3
1594113737416:runn-again
1594113741733:run-again
1594113753461:run-once
1594113756803:run-again
1594113906152:run-once
1594113986231:run-another-time
1594114476440:user alex
1594114643742:help
1594114682840:help User Command App
1594114693446:help user
1594114799477:help
1594114827050:stacktrace
1594114845267:run-again
1594114849214:stacktrave
1594114852300:stacktrace
1594114868328:script
1594114893603:script --GreetingApp
1594114901330:clear
1594114912254:help
1594114914267:clear
1594115034888:translate "hello world!" --from en_US --to fr_FR
